This is pdfTeX, Version 3.1415926-2.4-1.40.13 (TeX Live 2012) (format=pdflatex 2012.6.30)  14 MAR 2014 16:54
entering extended mode
 restricted \write18 enabled.
 %&-line parsing enabled.
**Bericht.tex
(./Bericht.tex
LaTeX2e <2011/06/27>
Babel <v3.8m> and hyphenation patterns for english, dumylang, nohyphenation, ge
rman-x-2012-05-30, ngerman-x-2012-05-30, afrikaans, ancientgreek, ibycus, arabi
c, armenian, basque, bulgarian, catalan, pinyin, coptic, croatian, czech, danis
h, dutch, ukenglish, usenglishmax, esperanto, estonian, ethiopic, farsi, finnis
h, french, friulan, galician, german, ngerman, swissgerman, monogreek, greek, h
ungarian, icelandic, assamese, bengali, gujarati, hindi, kannada, malayalam, ma
rathi, oriya, panjabi, tamil, telugu, indonesian, interlingua, irish, italian, 
kurmanji, latin, latvian, lithuanian, mongolian, mongolianlmc, bokmal, nynorsk,
 polish, portuguese, romanian, romansh, russian, sanskrit, serbian, serbianc, s
lovak, slovenian, spanish, swedish, turkish, turkmen, ukrainian, uppersorbian, 
welsh, loaded.
(/usr/local/texlive/2012/texmf-dist/tex/latex/base/report.cls
Document Class: report 2007/10/19 v1.4h Standard LaTeX document class
(/usr/local/texlive/2012/texmf-dist/tex/latex/base/size10.clo
File: size10.clo 2007/10/19 v1.4h Standard LaTeX file (size option)
)
\c@part=\count79
\c@chapter=\count80
\c@section=\count81
\c@subsection=\count82
\c@subsubsection=\count83
\c@paragraph=\count84
\c@subparagraph=\count85
\c@figure=\count86
\c@table=\count87
\abovecaptionskip=\skip41
\belowcaptionskip=\skip42
\bibindent=\dimen102
) (./ethasl.sty
Package: ethasl 2008/07/01, v. 1.1

providing new style definitions and commands ---
(/usr/local/texlive/2012/texmf-dist/tex/latex/colortbl/colortbl.sty
Package: colortbl 2012/02/13 v1.0a Color table columns (DPC)

(/usr/local/texlive/2012/texmf-dist/tex/latex/tools/array.sty
Package: array 2008/09/09 v2.4c Tabular extension package (FMi)
\col@sep=\dimen103
\extrarowheight=\dimen104
\NC@list=\toks14
\extratabsurround=\skip43
\backup@length=\skip44
)
(/usr/local/texlive/2012/texmf-dist/tex/latex/graphics/color.sty
Package: color 2005/11/14 v1.0j Standard LaTeX Color (DPC)

(/usr/local/texlive/2012/texmf-dist/tex/latex/latexconfig/color.cfg
File: color.cfg 2007/01/18 v1.5 color configuration of teTeX/TeXLive
)
Package color Info: Driver file: pdftex.def on input line 130.

(/usr/local/texlive/2012/texmf-dist/tex/latex/pdftex-def/pdftex.def
File: pdftex.def 2011/05/27 v0.06d Graphics/color for pdfTeX

(/usr/local/texlive/2012/texmf-dist/tex/generic/oberdiek/infwarerr.sty
Package: infwarerr 2010/04/08 v1.3 Providing info/warning/error messages (HO)
)
(/usr/local/texlive/2012/texmf-dist/tex/generic/oberdiek/ltxcmds.sty
Package: ltxcmds 2011/11/09 v1.22 LaTeX kernel commands for general use (HO)
)
\Gread@gobject=\count88
))
\everycr=\toks15
\minrowclearance=\skip45
))
(./a4.sty
Package: a4 1999/03/03 v1.2f A4 based page layout
) (/usr/local/texlive/2012/texmf-dist/tex/latex/base/inputenc.sty
Package: inputenc 2008/03/30 v1.1d Input encoding file
\inpenc@prehook=\toks16
\inpenc@posthook=\toks17

(/usr/local/texlive/2012/texmf-dist/tex/latex/base/latin1.def
File: latin1.def 2008/03/30 v1.1d Input encoding file
))
(/usr/local/texlive/2012/texmf-dist/tex/latex/amsmath/amsmath.sty
Package: amsmath 2000/07/18 v2.13 AMS math features
\@mathmargin=\skip46

For additional information on amsmath, use the `?' option.
(/usr/local/texlive/2012/texmf-dist/tex/latex/amsmath/amstext.sty
Package: amstext 2000/06/29 v2.01

(/usr/local/texlive/2012/texmf-dist/tex/latex/amsmath/amsgen.sty
File: amsgen.sty 1999/11/30 v2.0
\@emptytoks=\toks18
\ex@=\dimen105
))
(/usr/local/texlive/2012/texmf-dist/tex/latex/amsmath/amsbsy.sty
Package: amsbsy 1999/11/29 v1.2d
\pmbraise@=\dimen106
)
(/usr/local/texlive/2012/texmf-dist/tex/latex/amsmath/amsopn.sty
Package: amsopn 1999/12/14 v2.01 operator names
)
\inf@bad=\count89
LaTeX Info: Redefining \frac on input line 211.
\uproot@=\count90
\leftroot@=\count91
LaTeX Info: Redefining \overline on input line 307.
\classnum@=\count92
\DOTSCASE@=\count93
LaTeX Info: Redefining \ldots on input line 379.
LaTeX Info: Redefining \dots on input line 382.
LaTeX Info: Redefining \cdots on input line 467.
\Mathstrutbox@=\box26
\strutbox@=\box27
\big@size=\dimen107
LaTeX Font Info:    Redeclaring font encoding OML on input line 567.
LaTeX Font Info:    Redeclaring font encoding OMS on input line 568.
\macc@depth=\count94
\c@MaxMatrixCols=\count95
\dotsspace@=\muskip10
\c@parentequation=\count96
\dspbrk@lvl=\count97
\tag@help=\toks19
\row@=\count98
\column@=\count99
\maxfields@=\count100
\andhelp@=\toks20
\eqnshift@=\dimen108
\alignsep@=\dimen109
\tagshift@=\dimen110
\tagwidth@=\dimen111
\totwidth@=\dimen112
\lineht@=\dimen113
\@envbody=\toks21
\multlinegap=\skip47
\multlinetaggap=\skip48
\mathdisplay@stack=\toks22
LaTeX Info: Redefining \[ on input line 2666.
LaTeX Info: Redefining \] on input line 2667.
)
(/usr/local/texlive/2012/texmf-dist/tex/latex/amsfonts/amssymb.sty
Package: amssymb 2009/06/22 v3.00

(/usr/local/texlive/2012/texmf-dist/tex/latex/amsfonts/amsfonts.sty
Package: amsfonts 2009/06/22 v3.00 Basic AMSFonts support
\symAMSa=\mathgroup4
\symAMSb=\mathgroup5
LaTeX Font Info:    Overwriting math alphabet `\mathfrak' in version `bold'
(Font)                  U/euf/m/n --> U/euf/b/n on input line 96.
))
(/usr/local/texlive/2012/texmf-dist/tex/latex/graphics/graphicx.sty
Package: graphicx 1999/02/16 v1.0f Enhanced LaTeX Graphics (DPC,SPQR)

(/usr/local/texlive/2012/texmf-dist/tex/latex/graphics/keyval.sty
Package: keyval 1999/03/16 v1.13 key=value parser (DPC)
\KV@toks@=\toks23
)
(/usr/local/texlive/2012/texmf-dist/tex/latex/graphics/graphics.sty
Package: graphics 2009/02/05 v1.0o Standard LaTeX Graphics (DPC,SPQR)

(/usr/local/texlive/2012/texmf-dist/tex/latex/graphics/trig.sty
Package: trig 1999/03/16 v1.09 sin cos tan (DPC)
)
(/usr/local/texlive/2012/texmf-dist/tex/latex/latexconfig/graphics.cfg
File: graphics.cfg 2010/04/23 v1.9 graphics configuration of TeX Live
)
Package graphics Info: Driver file: pdftex.def on input line 91.
)
\Gin@req@height=\dimen114
\Gin@req@width=\dimen115
)
(/usr/local/texlive/2012/texmf-dist/tex/latex/graphics/epsfig.sty
Package: epsfig 1999/02/16 v1.7a (e)psfig emulation (SPQR)
\epsfxsize=\dimen116
\epsfysize=\dimen117
)
(/usr/local/texlive/2012/texmf-dist/tex/latex/float/float.sty
Package: float 2001/11/08 v1.3d Float enhancements (AL)
\c@float@type=\count101
\float@exts=\toks24
\float@box=\box28
\@float@everytoks=\toks25
\@floatcapt=\box29
) (./fancyhdr.sty
\fancy@headwidth=\skip49
\f@ncyO@elh=\skip50
\f@ncyO@erh=\skip51
\f@ncyO@olh=\skip52
\f@ncyO@orh=\skip53
\f@ncyO@elf=\skip54
\f@ncyO@erf=\skip55
\f@ncyO@olf=\skip56
\f@ncyO@orf=\skip57
) (/usr/local/texlive/2012/texmf-dist/tex/latex/rotating/rotating.sty
Package: rotating 2009/03/28 v2.16a rotated objects in LaTeX

(/usr/local/texlive/2012/texmf-dist/tex/latex/base/ifthen.sty
Package: ifthen 2001/05/26 v1.1c Standard LaTeX ifthen package (DPC)
)
\c@r@tfl@t=\count102
\rotFPtop=\skip58
\rotFPbot=\skip59
\rot@float@box=\box30
\rot@mess@toks=\toks26
)
(/usr/local/texlive/2012/texmf-dist/tex/latex/multirow/multirow.sty
\bigstrutjot=\dimen118
)
(/usr/local/texlive/2012/texmf-dist/tex/latex/url/url.sty
\Urlmuskip=\muskip11
Package: url 2006/04/12  ver 3.3  Verb mode for urls, etc.
)
(/usr/local/texlive/2012/texmf-dist/tex/generic/oberdiek/ifpdf.sty
Package: ifpdf 2011/01/30 v2.3 Provides the ifpdf switch (HO)
Package ifpdf Info: pdfTeX in PDF mode is detected.
)
(/usr/local/texlive/2012/texmf-dist/tex/latex/hyperref/hyperref.sty
Package: hyperref 2012/05/13 v6.82q Hypertext links for LaTeX

(/usr/local/texlive/2012/texmf-dist/tex/generic/oberdiek/hobsub-hyperref.sty
Package: hobsub-hyperref 2012/05/28 v1.13 Bundle oberdiek, subset hyperref (HO)


(/usr/local/texlive/2012/texmf-dist/tex/generic/oberdiek/hobsub-generic.sty
Package: hobsub-generic 2012/05/28 v1.13 Bundle oberdiek, subset generic (HO)
Package: hobsub 2012/05/28 v1.13 Construct package bundles (HO)
Package hobsub Info: Skipping package `infwarerr' (already loaded).
Package hobsub Info: Skipping package `ltxcmds' (already loaded).
Package: ifluatex 2010/03/01 v1.3 Provides the ifluatex switch (HO)
Package ifluatex Info: LuaTeX not detected.
Package: ifvtex 2010/03/01 v1.5 Detect VTeX and its facilities (HO)
Package ifvtex Info: VTeX not detected.
Package: intcalc 2007/09/27 v1.1 Expandable calculations with integers (HO)
Package hobsub Info: Skipping package `ifpdf' (already loaded).
Package: etexcmds 2011/02/16 v1.5 Avoid name clashes with e-TeX commands (HO)
Package etexcmds Info: Could not find \expanded.
(etexcmds)             That can mean that you are not using pdfTeX 1.50 or
(etexcmds)             that some package has redefined \expanded.
(etexcmds)             In the latter case, load this package earlier.
Package: kvsetkeys 2012/04/25 v1.16 Key value parser (HO)
Package: kvdefinekeys 2011/04/07 v1.3 Define keys (HO)
Package: pdftexcmds 2011/11/29 v0.20 Utility functions of pdfTeX for LuaTeX (HO
)
Package pdftexcmds Info: LuaTeX not detected.
Package pdftexcmds Info: \pdf@primitive is available.
Package pdftexcmds Info: \pdf@ifprimitive is available.
Package pdftexcmds Info: \pdfdraftmode found.
Package: pdfescape 2011/11/25 v1.13 Implements pdfTeX's escape features (HO)
Package: bigintcalc 2012/04/08 v1.3 Expandable calculations on big integers (HO
)
Package: bitset 2011/01/30 v1.1 Handle bit-vector datatype (HO)
Package: uniquecounter 2011/01/30 v1.2 Provide unlimited unique counter (HO)
)
Package hobsub Info: Skipping package `hobsub' (already loaded).
Package: letltxmacro 2010/09/02 v1.4 Let assignment for LaTeX macros (HO)
Package: hopatch 2012/05/28 v1.2 Wrapper for package hooks (HO)
Package: xcolor-patch 2011/01/30 xcolor patch
Package: atveryend 2011/06/30 v1.8 Hooks at the very end of document (HO)
Package atveryend Info: \enddocument detected (standard20110627).
Package: atbegshi 2011/10/05 v1.16 At begin shipout hook (HO)
Package: refcount 2011/10/16 v3.4 Data extraction from label references (HO)
Package: hycolor 2011/01/30 v1.7 Color options for hyperref/bookmark (HO)
)
(/usr/local/texlive/2012/texmf-dist/tex/generic/ifxetex/ifxetex.sty
Package: ifxetex 2010/09/12 v0.6 Provides ifxetex conditional
)
(/usr/local/texlive/2012/texmf-dist/tex/latex/oberdiek/kvoptions.sty
Package: kvoptions 2011/06/30 v3.11 Key value format for package options (HO)
)
\@linkdim=\dimen119
\Hy@linkcounter=\count103
\Hy@pagecounter=\count104

(/usr/local/texlive/2012/texmf-dist/tex/latex/hyperref/pd1enc.def
File: pd1enc.def 2012/05/13 v6.82q Hyperref: PDFDocEncoding definition (HO)
)
\Hy@SavedSpaceFactor=\count105

(/usr/local/texlive/2012/texmf-dist/tex/latex/latexconfig/hyperref.cfg
File: hyperref.cfg 2002/06/06 v1.2 hyperref configuration of TeXLive
)
Package hyperref Info: Hyper figures OFF on input line 4062.
Package hyperref Info: Link nesting OFF on input line 4067.
Package hyperref Info: Hyper index ON on input line 4070.
Package hyperref Info: Plain pages OFF on input line 4077.
Package hyperref Info: Backreferencing OFF on input line 4082.
Package hyperref Info: Implicit mode ON; LaTeX internals redefined.
Package hyperref Info: Bookmarks ON on input line 4300.
\c@Hy@tempcnt=\count106
LaTeX Info: Redefining \url on input line 4653.
\Fld@menulength=\count107
\Field@Width=\dimen120
\Fld@charsize=\dimen121
Package hyperref Info: Hyper figures OFF on input line 5773.
Package hyperref Info: Link nesting OFF on input line 5778.
Package hyperref Info: Hyper index ON on input line 5781.
Package hyperref Info: backreferencing OFF on input line 5788.
Package hyperref Info: Link coloring OFF on input line 5793.
Package hyperref Info: Link coloring with OCG OFF on input line 5798.
Package hyperref Info: PDF/A mode OFF on input line 5803.
LaTeX Info: Redefining \ref on input line 5843.
LaTeX Info: Redefining \pageref on input line 5847.
\Hy@abspage=\count108
\c@Item=\count109
\c@Hfootnote=\count110
)

Package hyperref Message: Driver (autodetected): hpdftex.

(/usr/local/texlive/2012/texmf-dist/tex/latex/hyperref/hpdftex.def
File: hpdftex.def 2012/05/13 v6.82q Hyperref driver for pdfTeX
\Fld@listcount=\count111
\c@bookmark@seq@number=\count112

(/usr/local/texlive/2012/texmf-dist/tex/latex/oberdiek/rerunfilecheck.sty
Package: rerunfilecheck 2011/04/15 v1.7 Rerun checks for auxiliary files (HO)
Package uniquecounter Info: New unique counter `rerunfilecheck' on input line 2
82.
)
\Hy@SectionHShift=\skip60
)
Package color Info: Redefining color black on input line 32.
Package color Info: Redefining color white on input line 33.
Package hyperref Info: Option `colorlinks' set `true' on input line 44.

(/usr/local/texlive/2012/texmf-dist/tex/latex/oberdiek/epstopdf.sty
Package: epstopdf 2010/02/09 v2.5 Conversion with epstopdf on the fly (HO)

(/usr/local/texlive/2012/texmf-dist/tex/latex/oberdiek/epstopdf-base.sty
Package: epstopdf-base 2010/02/09 v2.5 Base part for package epstopdf

(/usr/local/texlive/2012/texmf-dist/tex/latex/oberdiek/grfext.sty
Package: grfext 2010/08/19 v1.1 Manage graphics extensions (HO)
)
Package grfext Info: Graphics extension search list:
(grfext)             [.png,.pdf,.jpg,.mps,.jpeg,.jbig2,.jb2,.PNG,.PDF,.JPG,.JPE
G,.JBIG2,.JB2,.eps]
(grfext)             \AppendGraphicsExtensions on input line 452.

(/usr/local/texlive/2012/texmf-dist/tex/latex/latexconfig/epstopdf-sys.cfg
File: epstopdf-sys.cfg 2010/07/13 v1.3 Configuration of (r)epstopdf for TeX Liv
e
)))
(./Bericht.aux (./declaration.aux) (./preamble.aux) (./introduction.aux)
(./trajectory.aux) (./RRT.aux) (./Planning.aux) (./appendix.aux)
(./bibliography.aux))
\openout1 = `Bericht.aux'.

LaTeX Font Info:    Checking defaults for OML/cmm/m/it on input line 80.
LaTeX Font Info:    ... okay on input line 80.
LaTeX Font Info:    Checking defaults for T1/cmr/m/n on input line 80.
LaTeX Font Info:    ... okay on input line 80.
LaTeX Font Info:    Checking defaults for OT1/cmr/m/n on input line 80.
LaTeX Font Info:    ... okay on input line 80.
LaTeX Font Info:    Checking defaults for OMS/cmsy/m/n on input line 80.
LaTeX Font Info:    ... okay on input line 80.
LaTeX Font Info:    Checking defaults for OMX/cmex/m/n on input line 80.
LaTeX Font Info:    ... okay on input line 80.
LaTeX Font Info:    Checking defaults for U/cmr/m/n on input line 80.
LaTeX Font Info:    ... okay on input line 80.
LaTeX Font Info:    Checking defaults for PD1/pdf/m/n on input line 80.
LaTeX Font Info:    ... okay on input line 80.

(/usr/local/texlive/2012/texmf-dist/tex/context/base/supp-pdf.mkii
[Loading MPS to PDF converter (version 2006.09.02).]
\scratchcounter=\count113
\scratchdimen=\dimen122
\scratchbox=\box31
\nofMPsegments=\count114
\nofMParguments=\count115
\everyMPshowfont=\toks27
\MPscratchCnt=\count116
\MPscratchDim=\dimen123
\MPnumerator=\count117
\makeMPintoPDFobject=\count118
\everyMPtoPDFconversion=\toks28
)
\AtBeginShipoutBox=\box32
Package hyperref Info: Link coloring ON on input line 80.
 (/usr/local/texlive/2012/texmf-dist/tex/latex/hyperref/nameref.sty
Package: nameref 2010/04/30 v2.40 Cross-referencing by name of section

(/usr/local/texlive/2012/texmf-dist/tex/generic/oberdiek/gettitlestring.sty
Package: gettitlestring 2010/12/03 v1.4 Cleanup title references (HO)
)
\c@section@level=\count119
)
LaTeX Info: Redefining \ref on input line 80.
LaTeX Info: Redefining \pageref on input line 80.
LaTeX Info: Redefining \nameref on input line 80.

(./Bericht.out) (./Bericht.out)
\@outlinefile=\write3
\openout3 = `Bericht.out'.

LaTeX Font Info:    Try loading font information for U+msa on input line 86.

(/usr/local/texlive/2012/texmf-dist/tex/latex/amsfonts/umsa.fd
File: umsa.fd 2009/06/22 v3.00 AMS symbols A
)
LaTeX Font Info:    Try loading font information for U+msb on input line 86.

(/usr/local/texlive/2012/texmf-dist/tex/latex/amsfonts/umsb.fd
File: umsb.fd 2009/06/22 v3.00 AMS symbols B
)
Package epstopdf Info: Source file: <pics/ethlogo.eps>
(epstopdf)                    date: 2014-01-06 14:05:23
(epstopdf)                    size: 72851 bytes
(epstopdf)             Output file: <pics/ethlogo-eps-converted-to.pdf>
(epstopdf)                    date: 2014-01-06 14:05:23
(epstopdf)                    size: 14321 bytes
(epstopdf)             Command: <repstopdf --outfile=pics/ethlogo-eps-converted
-to.pdf pics/ethlogo.eps>
(epstopdf)             \includegraphics on input line 86.
Package epstopdf Info: Output file is already uptodate.

<pics/ethlogo-eps-converted-to.pdf, id=136, 192.72pt x 59.22125pt>
File: pics/ethlogo-eps-converted-to.pdf Graphic file (type pdf)

<use pics/ethlogo-eps-converted-to.pdf>
Package pdftex.def Info: pics/ethlogo-eps-converted-to.pdf used on input line 8
6.
(pdftex.def)             Requested size: 166.67108pt x 51.21504pt.

Overfull \vbox (18.81508pt too high) detected at line 86
 []

Package epstopdf Info: Source file: <pics/asllogo.eps>
(epstopdf)                    date: 2014-01-06 14:05:23
(epstopdf)                    size: 146459 bytes
(epstopdf)             Output file: <pics/asllogo-eps-converted-to.pdf>
(epstopdf)                    date: 2014-01-06 14:05:23
(epstopdf)                    size: 86114 bytes
(epstopdf)             Command: <repstopdf --outfile=pics/asllogo-eps-converted
-to.pdf pics/asllogo.eps>
(epstopdf)             \includegraphics on input line 86.
Package epstopdf Info: Output file is already uptodate.
<pics/asllogo-eps-converted-to.pdf, id=137, 429.605pt x 196.735pt>
File: pics/asllogo-eps-converted-to.pdf Graphic file (type pdf)

<use pics/asllogo-eps-converted-to.pdf>
Package pdftex.def Info: pics/asllogo-eps-converted-to.pdf used on input line 8
6.
(pdftex.def)             Requested size: 62.13052pt x 28.45274pt.

Overfull \vbox (24.60004pt too high) detected at line 86
 []


Overfull \hbox (100.27724pt too wide) in paragraph at lines 86--86
 |  [] 
 []


Overfull \hbox (122.7123pt too wide) in paragraph at lines 86--86
 []|  [][][] 
 []


Overfull \hbox (122.7123pt too wide) in paragraph at lines 86--86
 []|  [][][] 
 []


Overfull \hbox (105.9677pt too wide) in paragraph at lines 86--86
 []|  [] 
 []


Underfull \vbox (badness 10000) has occurred while \output is active []

 [1

{/usr/local/texlive/2012/texmf-var/fonts/map/pdftex/updmap/pdftex.map} <./pics/
ethlogo-eps-converted-to.pdf> <./pics/asllogo-eps-converted-to.pdf>] [2

]
\openout2 = `declaration.aux'.


(./declaration.tex) [1

]
\openout2 = `preamble.aux'.

 (./preamble.tex (./Bericht.toc)
\tf@toc=\write4
\openout4 = `Bericht.toc'.

 [2



]
Underfull \hbox (badness 10000) in paragraph at lines 33--34

 []

[3


] [4

])
\openout2 = `introduction.aux'.

 (./introduction.tex
Chapter 1.

Underfull \hbox (badness 10000) in paragraph at lines 6--7

 []


Underfull \hbox (badness 10000) in paragraph at lines 8--9

 []


Underfull \hbox (badness 10000) in paragraph at lines 33--34

 []

pdfTeX warning (ext4): destination with the same identifier (name{page.1}) has 
been already used, duplicate ignored
<to be read again> 
                   \relax 
l.37 \begin{equation}
                      [1




]
Underfull \hbox (badness 10000) in paragraph at lines 68--69

 []


Underfull \hbox (badness 10000) in paragraph at lines 70--71

 []


Underfull \hbox (badness 10000) in paragraph at lines 83--84

 []

)pdfTeX warning (ext4): destination with the same identifier (name{page.2}) has
 been already used, duplicate ignored
<to be read again> 
                   \relax 
l.108  \include{introduction}
                              [2]
\openout2 = `trajectory.aux'.

 (./trajectory.tex
Chapter 2.

Underfull \hbox (badness 10000) in paragraph at lines 16--18

 []

[3




]
Underfull \hbox (badness 10000) in paragraph at lines 25--26

 []


Overfull \hbox (4.78844pt too wide) in paragraph at lines 83--84
[]\OT1/cmr/m/n/10 The con-strained QP is suit-able for a small amount of seg-me
nts but gets ill-conditioned
 []


Underfull \hbox (badness 10000) in paragraph at lines 123--124

 []

[4]
Underfull \hbox (badness 10000) in paragraph at lines 172--173

 []


Underfull \hbox (badness 10000) in paragraph at lines 181--182

 []

Package epstopdf Info: Source file: <pics/time_estimation.eps>
(epstopdf)                    date: 2014-03-04 15:10:01
(epstopdf)                    size: 10941 bytes
(epstopdf)             Output file: <pics/time_estimation-eps-converted-to.pdf>

(epstopdf)                    date: 2014-03-04 15:10:01
(epstopdf)                    size: 8087 bytes
(epstopdf)             Command: <repstopdf --outfile=pics/time_estimation-eps-c
onverted-to.pdf pics/time_estimation.eps>
(epstopdf)             \includegraphics on input line 187.
Package epstopdf Info: Output file is already uptodate.
<pics/time_estimation-eps-converted-to.pdf, id=296, 664.4825pt x 441.65pt>
File: pics/time_estimation-eps-converted-to.pdf Graphic file (type pdf)

<use pics/time_estimation-eps-converted-to.pdf>
Package pdftex.def Info: pics/time_estimation-eps-converted-to.pdf used on inpu
t line 187.
(pdftex.def)             Requested size: 361.34999pt x 252.47034pt.
 [5] [6 <./pics/time_estimation-eps-converted-to.pdf>]
Package epstopdf Info: Source file: <pics/2SegInit7s43.eps>
(epstopdf)                    date: 2014-03-04 16:30:45
(epstopdf)                    size: 64376 bytes
(epstopdf)             Output file: <pics/2SegInit7s43-eps-converted-to.pdf>
(epstopdf)                    date: 2014-03-04 16:30:52
(epstopdf)                    size: 42315 bytes
(epstopdf)             Command: <repstopdf --outfile=pics/2SegInit7s43-eps-conv
erted-to.pdf pics/2SegInit7s43.eps>
(epstopdf)             \includegraphics on input line 218.
Package epstopdf Info: Output file is already uptodate.

<pics/2SegInit7s43-eps-converted-to.pdf, id=323, 1000.73875pt x 1038.88126pt>
File: pics/2SegInit7s43-eps-converted-to.pdf Graphic file (type pdf)

<use pics/2SegInit7s43-eps-converted-to.pdf>
Package pdftex.def Info: pics/2SegInit7s43-eps-converted-to.pdf used on input l
ine 218.
(pdftex.def)             Requested size: 361.34999pt x 403.45493pt.

Underfull \hbox (badness 10000) in paragraph at lines 223--224

 []


Underfull \hbox (badness 10000) in paragraph at lines 228--229

 []

[7 <./pics/2SegInit7s43-eps-converted-to.pdf>]
Underfull \hbox (badness 10000) in paragraph at lines 256--257

 []


Underfull \hbox (badness 10000) in paragraph at lines 258--259

 []


Underfull \hbox (badness 10000) in paragraph at lines 262--263

 []

[8]
Package epstopdf Info: Source file: <pics/2SegOpti6s52k100.eps>
(epstopdf)                    date: 2014-03-04 16:46:26
(epstopdf)                    size: 58637 bytes
(epstopdf)             Output file: <pics/2SegOpti6s52k100-eps-converted-to.pdf
>
(epstopdf)                    date: 2014-03-04 16:49:06
(epstopdf)                    size: 39573 bytes
(epstopdf)             Command: <repstopdf --outfile=pics/2SegOpti6s52k100-eps-
converted-to.pdf pics/2SegOpti6s52k100.eps>
(epstopdf)             \includegraphics on input line 273.
Package epstopdf Info: Output file is already uptodate.

<pics/2SegOpti6s52k100-eps-converted-to.pdf, id=353, 1000.73875pt x 1038.88126p
t>
File: pics/2SegOpti6s52k100-eps-converted-to.pdf Graphic file (type pdf)
 <use pics/2SegOpti6s52k100-eps-converted-to.pdf>
Package pdftex.def Info: pics/2SegOpti6s52k100-eps-converted-to.pdf used on inp
ut line 273.
(pdftex.def)             Requested size: 361.34999pt x 424.88011pt.

Underfull \hbox (badness 10000) in paragraph at lines 280--282

 []

[9 <./pics/2SegOpti6s52k100-eps-converted-to.pdf>]
Package epstopdf Info: Source file: <pics/2SegOpti6s01k190.eps>
(epstopdf)                    date: 2014-03-04 17:01:46
(epstopdf)                    size: 55500 bytes
(epstopdf)             Output file: <pics/2SegOpti6s01k190-eps-converted-to.pdf
>
(epstopdf)                    date: 2014-03-04 17:07:31
(epstopdf)                    size: 38063 bytes
(epstopdf)             Command: <repstopdf --outfile=pics/2SegOpti6s01k190-eps-
converted-to.pdf pics/2SegOpti6s01k190.eps>
(epstopdf)             \includegraphics on input line 288.
Package epstopdf Info: Output file is already uptodate.

<pics/2SegOpti6s01k190-eps-converted-to.pdf, id=375, 1000.73875pt x 1038.88126p
t>
File: pics/2SegOpti6s01k190-eps-converted-to.pdf Graphic file (type pdf)
 <use pics/2SegOpti6s01k190-eps-converted-to.pdf>
Package pdftex.def Info: pics/2SegOpti6s01k190-eps-converted-to.pdf used on inp
ut line 288.
(pdftex.def)             Requested size: 361.34999pt x 416.05798pt.

Underfull \vbox (badness 10000) has occurred while \output is active []

 [10 <./pics/2SegOpti6s01k190-eps-converted-to.pdf>]
Package epstopdf Info: Source file: <pics/2SegOpti5s16k2000.eps>
(epstopdf)                    date: 2014-03-04 17:05:51
(epstopdf)                    size: 50199 bytes
(epstopdf)             Output file: <pics/2SegOpti5s16k2000-eps-converted-to.pd
f>
(epstopdf)                    date: 2014-03-04 17:07:31
(epstopdf)                    size: 35235 bytes
(epstopdf)             Command: <repstopdf --outfile=pics/2SegOpti5s16k2000-eps
-converted-to.pdf pics/2SegOpti5s16k2000.eps>
(epstopdf)             \includegraphics on input line 299.
Package epstopdf Info: Output file is already uptodate.

<pics/2SegOpti5s16k2000-eps-converted-to.pdf, id=393, 1000.73875pt x 1038.88126
pt>
File: pics/2SegOpti5s16k2000-eps-converted-to.pdf Graphic file (type pdf)
 <use pics/2SegOpti5s16k2000-eps-converted-to.pdf>
Package pdftex.def Info: pics/2SegOpti5s16k2000-eps-converted-to.pdf used on in
put line 299.
(pdftex.def)             Requested size: 361.34999pt x 403.45493pt.

Underfull \hbox (badness 10000) in paragraph at lines 305--307

 []

[11 <./pics/2SegOpti5s16k2000-eps-converted-to.pdf>]
Package epstopdf Info: Source file: <pics/4SegInit15s67.eps>
(epstopdf)                    date: 2014-03-05 10:24:18
(epstopdf)                    size: 98736 bytes
(epstopdf)             Output file: <pics/4SegInit15s67-eps-converted-to.pdf>
(epstopdf)                    date: 2014-03-05 10:25:35
(epstopdf)                    size: 86364 bytes
(epstopdf)             Command: <repstopdf --outfile=pics/4SegInit15s67-eps-con
verted-to.pdf pics/4SegInit15s67.eps>
(epstopdf)             \includegraphics on input line 335.
Package epstopdf Info: Output file is already uptodate.

<pics/4SegInit15s67-eps-converted-to.pdf, id=413, 1000.73875pt x 1038.88126pt>
File: pics/4SegInit15s67-eps-converted-to.pdf Graphic file (type pdf)

<use pics/4SegInit15s67-eps-converted-to.pdf>
Package pdftex.def Info: pics/4SegInit15s67-eps-converted-to.pdf used on input 
line 335.
(pdftex.def)             Requested size: 361.34999pt x 403.45493pt.
 [12 <./pics/4SegInit15s67-eps-converted-to.pdf>]
Package epstopdf Info: Source file: <pics/4SegOpti10s01k2000.eps>
(epstopdf)                    date: 2014-03-05 11:23:53
(epstopdf)                    size: 71139 bytes
(epstopdf)             Output file: <pics/4SegOpti10s01k2000-eps-converted-to.p
df>
(epstopdf)                    date: 2014-03-05 11:25:52
(epstopdf)                    size: 63284 bytes
(epstopdf)             Command: <repstopdf --outfile=pics/4SegOpti10s01k2000-ep
s-converted-to.pdf pics/4SegOpti10s01k2000.eps>
(epstopdf)             \includegraphics on input line 356.
Package epstopdf Info: Output file is already uptodate.

<pics/4SegOpti10s01k2000-eps-converted-to.pdf, id=434, 1000.73875pt x 1038.8812
6pt>
File: pics/4SegOpti10s01k2000-eps-converted-to.pdf Graphic file (type pdf)
 <use pics/4SegOpti10s01k2000-eps-converted-to.pdf>
Package pdftex.def Info: pics/4SegOpti10s01k2000-eps-converted-to.pdf used on i
nput line 356.
(pdftex.def)             Requested size: 361.34999pt x 403.45493pt.

Underfull \vbox (badness 7796) has occurred while \output is active []

 [13 <./pics/4SegOpti10s01k2000-eps-converted-to.pdf>]
Package epstopdf Info: Source file: <pics/4SegInitSpace.eps>
(epstopdf)                    date: 2014-03-05 11:37:22
(epstopdf)                    size: 46439 bytes
(epstopdf)             Output file: <pics/4SegInitSpace-eps-converted-to.pdf>
(epstopdf)                    date: 2014-03-05 11:42:49
(epstopdf)                    size: 19086 bytes
(epstopdf)             Command: <repstopdf --outfile=pics/4SegInitSpace-eps-con
verted-to.pdf pics/4SegInitSpace.eps>
(epstopdf)             \includegraphics on input line 371.
Package epstopdf Info: Output file is already uptodate.

<pics/4SegInitSpace-eps-converted-to.pdf, id=457, 1000.73875pt x 1038.88126pt>
File: pics/4SegInitSpace-eps-converted-to.pdf Graphic file (type pdf)

<use pics/4SegInitSpace-eps-converted-to.pdf>
Package pdftex.def Info: pics/4SegInitSpace-eps-converted-to.pdf used on input 
line 371.
(pdftex.def)             Requested size: 361.34999pt x 389.98167pt.

Underfull \hbox (badness 10000) in paragraph at lines 377--378

 []


Underfull \vbox (badness 8038) has occurred while \output is active []

 [14 <./pics/4SegInitSpace-eps-converted-to.pdf>]
Package epstopdf Info: Source file: <pics/4SegOptiSpace.eps>
(epstopdf)                    date: 2014-03-05 11:40:06
(epstopdf)                    size: 35823 bytes
(epstopdf)             Output file: <pics/4SegOptiSpace-eps-converted-to.pdf>
(epstopdf)                    date: 2014-03-05 11:42:49
(epstopdf)                    size: 15632 bytes
(epstopdf)             Command: <repstopdf --outfile=pics/4SegOptiSpace-eps-con
verted-to.pdf pics/4SegOptiSpace.eps>
(epstopdf)             \includegraphics on input line 386.
Package epstopdf Info: Output file is already uptodate.

<pics/4SegOptiSpace-eps-converted-to.pdf, id=476, 1000.73875pt x 1038.88126pt>
File: pics/4SegOptiSpace-eps-converted-to.pdf Graphic file (type pdf)

<use pics/4SegOptiSpace-eps-converted-to.pdf>
Package pdftex.def Info: pics/4SegOptiSpace-eps-converted-to.pdf used on input 
line 386.
(pdftex.def)             Requested size: 361.34999pt x 389.98167pt.
 [15 <./pics/4SegOptiSpace-eps-converted-to.pdf>]
Underfull \hbox (badness 10000) in paragraph at lines 395--400

 []

) [16]
\openout2 = `RRT.aux'.

 (./RRT.tex
Chapter 3.

Underfull \hbox (badness 10000) in paragraph at lines 10--12

 []


Underfull \hbox (badness 10000) in paragraph at lines 25--26

 []

[17




]
Underfull \hbox (badness 10000) in paragraph at lines 37--38

 []

<pics/smallGammaP.png, id=505, 1343.0175pt x 1124.2pt>
File: pics/smallGammaP.png Graphic file (type png)

<use pics/smallGammaP.png>
Package pdftex.def Info: pics/smallGammaP.png used on input line 43.
(pdftex.def)             Requested size: 361.34999pt x 305.04759pt.

Underfull \hbox (badness 10000) in paragraph at lines 52--54

 []

[18 <./pics/smallGammaP.png>]
Underfull \hbox (badness 10000) in paragraph at lines 82--83

 []

<pics/smallBBXP.png, id=520, 1365.1pt x 1197.47375pt>
File: pics/smallBBXP.png Graphic file (type png)
 <use pics/smallBBXP.png>
Package pdftex.def Info: pics/smallBBXP.png used on input line 90.
(pdftex.def)             Requested size: 361.34999pt x 316.9636pt.

[19]
Underfull \hbox (badness 10000) in paragraph at lines 98--100

 []

<pics/largeBBXP.png, id=537, 1334.9875pt x 1245.65375pt>
File: pics/largeBBXP.png Graphic file (type png)

<use pics/largeBBXP.png>
Package pdftex.def Info: pics/largeBBXP.png used on input line 105.
(pdftex.def)             Requested size: 361.34999pt x 337.16731pt.
 [20 <./pics/smallBBXP.png>]) [21 <./pics/largeBBXP.png>] [22


]
\openout2 = `Planning.aux'.

 (./Planning.tex
Chapter 4.

Underfull \hbox (badness 10000) in paragraph at lines 10--11

 []


Underfull \hbox (badness 10000) in paragraph at lines 27--28

 []

[23


] <pics/extensionLongP.png, id=569, 1180.41pt x 1142.2675pt>
File: pics/extensionLongP.png Graphic file (type png)

<use pics/extensionLongP.png>
Package pdftex.def Info: pics/extensionLongP.png used on input line 34.
(pdftex.def)             Requested size: 361.34999pt x 433.21211pt.

Underfull \hbox (badness 10000) in paragraph at lines 42--43

 []


Underfull \vbox (badness 10000) has occurred while \output is active []

 [24 <./pics/extensionLongP.png>]
<pics/extensionALongP.png, id=583, 1222.5675pt x 1131.22626pt>
File: pics/extensionALongP.png Graphic file (type png)

<use pics/extensionALongP.png>
Package pdftex.def Info: pics/extensionALongP.png used on input line 50.
(pdftex.def)             Requested size: 361.34999pt x 410.83145pt.

Underfull \vbox (badness 10000) has occurred while \output is active []

 [25 <./pics/extensionALongP.png>]
Package epstopdf Info: Source file: <pics/extensionBLongPred.eps>
(epstopdf)                    date: 2014-03-14 16:30:50
(epstopdf)                    size: 878073 bytes
(epstopdf)             Output file: <pics/extensionBLongPred-eps-converted-to.p
df>
(epstopdf)                    date: 2014-03-14 16:30:58
(epstopdf)                    size: 637934 bytes
(epstopdf)             Command: <repstopdf --outfile=pics/extensionBLongPred-ep
s-converted-to.pdf pics/extensionBLongPred.eps>
(epstopdf)             \includegraphics on input line 62.
Package epstopdf Info: Output file is already uptodate.

<pics/extensionBLongPred-eps-converted-to.pdf, id=594, 971.63pt x 897.3525pt>
File: pics/extensionBLongPred-eps-converted-to.pdf Graphic file (type pdf)

<use pics/extensionBLongPred-eps-converted-to.pdf>
Package pdftex.def Info: pics/extensionBLongPred-eps-converted-to.pdf used on i
nput line 62.
(pdftex.def)             Requested size: 361.34999pt x 435.8179pt.
 [26 <./pics/extensionBLongPred-eps-converted-to.pdf>]
<pics/extensionCLongP.png, id=610, 1202.4925pt x 1124.2pt>
File: pics/extensionCLongP.png Graphic file (type png)

<use pics/extensionCLongP.png>
Package pdftex.def Info: pics/extensionCLongP.png used on input line 85.
(pdftex.def)             Requested size: 361.34999pt x 416.70226pt.
) [27 <./pics/extensionCLongP.png>] [28


]
\openout2 = `appendix.aux'.


(./appendix.tex
Appendix A.
[29


] [30

])
\openout2 = `bibliography.aux'.

 (./bibliography.tex) [31



]
Package atveryend Info: Empty hook `BeforeClearDocument' on input line 137.
Package atveryend Info: Empty hook `AfterLastShipout' on input line 137.
 (./Bericht.aux (./declaration.aux)
(./preamble.aux) (./introduction.aux) (./trajectory.aux) (./RRT.aux)
(./Planning.aux) (./appendix.aux) (./bibliography.aux))
Package atveryend Info: Executing hook `AtVeryEndDocument' on input line 137.
Package atveryend Info: Executing hook `AtEndAfterFileList' on input line 137.


Package rerunfilecheck Warning: File `Bericht.out' has changed.
(rerunfilecheck)                Rerun to get outlines right
(rerunfilecheck)                or use package `bookmark'.

Package rerunfilecheck Info: Checksums for `Bericht.out':
(rerunfilecheck)             Before: 1E6D98D50A6AAEA590ED96C41F8FD10A;2152
(rerunfilecheck)             After:  7B56383FCC1978C1D44FF96D2686C814;2152.
Package atveryend Info: Empty hook `AtVeryVeryEnd' on input line 137.
 ) 
Here is how much of TeX's memory you used:
 6824 strings out of 493488
 98413 string characters out of 3141326
 203805 words of memory out of 3000000
 9810 multiletter control sequences out of 15000+200000
 12603 words of font info for 48 fonts, out of 3000000 for 9000
 957 hyphenation exceptions out of 8191
 41i,15n,43p,1088b,436s stack positions out of 5000i,500n,10000p,200000b,50000s
pdfTeX warning (dest): name{appendix*.10} has been referenced but does not ex
ist, replaced by a fixed one

</usr/local/texlive/2012/texmf-dist/fonts/type1/public/amsfonts/cm/cmbx10.pfb><
/usr/local/texlive/2012/texmf-dist/fonts/type1/public/amsfonts/cm/cmbx12.pfb></
usr/local/texlive/2012/texmf-dist/fonts/type1/public/amsfonts/cm/cmcsc10.pfb></
usr/local/texlive/2012/texmf-dist/fonts/type1/public/amsfonts/cm/cmex10.pfb></u
sr/local/texlive/2012/texmf-dist/fonts/type1/public/amsfonts/cm/cmmi10.pfb></us
r/local/texlive/2012/texmf-dist/fonts/type1/public/amsfonts/cm/cmmi5.pfb></usr/
local/texlive/2012/texmf-dist/fonts/type1/public/amsfonts/cm/cmmi7.pfb></usr/lo
cal/texlive/2012/texmf-dist/fonts/type1/public/amsfonts/cm/cmr10.pfb></usr/loca
l/texlive/2012/texmf-dist/fonts/type1/public/amsfonts/cm/cmr17.pfb></usr/local/
texlive/2012/texmf-dist/fonts/type1/public/amsfonts/cm/cmr5.pfb></usr/local/tex
live/2012/texmf-dist/fonts/type1/public/amsfonts/cm/cmr6.pfb></usr/local/texliv
e/2012/texmf-dist/fonts/type1/public/amsfonts/cm/cmr7.pfb></usr/local/texlive/2
012/texmf-dist/fonts/type1/public/amsfonts/cm/cmr8.pfb></usr/local/texlive/2012
/texmf-dist/fonts/type1/public/amsfonts/cm/cmsy10.pfb></usr/local/texlive/2012/
texmf-dist/fonts/type1/public/amsfonts/cm/cmsy7.pfb></usr/local/texlive/2012/te
xmf-dist/fonts/type1/public/amsfonts/cm/cmti10.pfb></usr/local/texlive/2012/tex
mf-dist/fonts/type1/public/amsfonts/cm/cmtt10.pfb>
Output written on Bericht.pdf (37 pages, 3561960 bytes).
PDF statistics:
 728 PDF objects out of 1000 (max. 8388607)
 614 compressed objects within 7 object streams
 143 named destinations out of 1000 (max. 500000)
 433 words of extra memory for PDF output out of 10000 (max. 10000000)

